<?xml version="1.0" encoding="UTF-8"?>
<!-- Generated by org.testng.reporters.JUnitReportReporter -->
<testsuite hostname="LIN41006237" failures="0" tests="2" name="testrunner.ProductDetails_TestRunner2" time="84.388" errors="0" timestamp="2023-06-08T12:02:15 IST" skipped="0">
  <testcase classname="testrunner.ProductDetails_TestRunner2" name="runScenario" time="42.989"/>
  <system-out/>
  <testcase classname="testrunner.ProductDetails_TestRunner2" name="runScenario" time="41.399"/>
  <system-out/>
</testsuite> <!-- testrunner.ProductDetails_TestRunner2 -->
