<?xml version="1.0" encoding="UTF-8"?>
<!-- Generated by org.testng.reporters.JUnitReportReporter -->
<testsuite hostname="LIN41006237" failures="0" tests="3" name="testrunner.ProductDetails_TestRunner" time="86.814" errors="0" timestamp="2023-06-08T12:00:08 IST" skipped="0">
  <testcase classname="testrunner.ProductDetails_TestRunner" name="runScenario" time="25.701"/>
  <system-out/>
  <testcase classname="testrunner.ProductDetails_TestRunner" name="runScenario" time="31.425"/>
  <system-out/>
  <testcase classname="testrunner.ProductDetails_TestRunner" name="runScenario" time="29.688"/>
  <system-out/>
</testsuite> <!-- testrunner.ProductDetails_TestRunner -->
