<?xml version="1.0" encoding="UTF-8"?>
<!-- Generated by org.testng.reporters.JUnitReportReporter -->
<testsuite hostname="LIN41006237" failures="0" tests="1" name="testrunner.ProductDetails_TestRunner_excel" time="37.598" errors="0" timestamp="2023-06-08T12:00:08 IST" skipped="0">
  <testcase classname="testrunner.ProductDetails_TestRunner_excel" name="runScenario" time="37.598"/>
  <system-out/>
</testsuite> <!-- testrunner.ProductDetails_TestRunner_excel -->
